<?xml version="1.0" encoding="UTF-8"?>
<coverage generated="1665314022287" clover="3.2.0">
  <project timestamp="1665314022287" name="All files">
    <metrics statements="63" coveredstatements="48" conditionals="34" coveredconditionals="27" methods="27" coveredmethods="21" elements="124" coveredelements="96" complexity="0" loc="63" ncloc="63" packages="1" files="3" classes="3"/>
    <file name="api.js" path="/Users/clertonra/workspace/playground/Exercism/javascript/translation-service/api.js">
      <metrics statements="37" coveredstatements="29" conditionals="28" coveredconditionals="23" methods="13" coveredmethods="12"/>
      <line num="3" count="1" type="stmt"/>
      <line num="16" count="7" type="stmt"/>
      <line num="29" count="70" type="cond" truecount="2" falsecount="0"/>
      <line num="30" count="28" type="stmt"/>
      <line num="33" count="70" type="cond" truecount="2" falsecount="0"/>
      <line num="34" count="70" type="stmt"/>
      <line num="42" count="10" type="cond" truecount="1" falsecount="1"/>
      <line num="43" count="0" type="stmt"/>
      <line num="49" count="10" type="cond" truecount="1" falsecount="1"/>
      <line num="50" count="0" type="stmt"/>
      <line num="53" count="10" type="cond" truecount="4" falsecount="0"/>
      <line num="54" count="5" type="stmt"/>
      <line num="57" count="5" type="cond" truecount="2" falsecount="0"/>
      <line num="58" count="4" type="stmt"/>
      <line num="61" count="1" type="stmt"/>
      <line num="69" count="9" type="cond" truecount="1" falsecount="1"/>
      <line num="70" count="0" type="stmt"/>
      <line num="75" count="9" type="cond" truecount="1" falsecount="1"/>
      <line num="76" count="0" type="stmt"/>
      <line num="81" count="9" type="cond" truecount="3" falsecount="1"/>
      <line num="82" count="0" type="stmt"/>
      <line num="83" count="0" type="stmt"/>
      <line num="84" count="0" type="stmt"/>
      <line num="87" count="9" type="cond" truecount="2" falsecount="0"/>
      <line num="88" count="6" type="stmt"/>
      <line num="91" count="6" type="stmt"/>
      <line num="92" count="6" type="cond" truecount="2" falsecount="0"/>
      <line num="95" count="6" type="stmt"/>
      <line num="98" count="3" type="stmt"/>
      <line num="103" count="5" type="stmt"/>
      <line num="104" count="5" type="stmt"/>
      <line num="105" count="5" type="stmt"/>
      <line num="110" count="5" type="stmt"/>
      <line num="111" count="5" type="stmt"/>
      <line num="112" count="5" type="stmt"/>
      <line num="117" count="3" type="stmt"/>
      <line num="122" count="0" type="stmt"/>
    </file>
    <file name="errors.js" path="/Users/clertonra/workspace/playground/Exercism/javascript/translation-service/errors.js">
      <metrics statements="3" coveredstatements="2" conditionals="0" coveredconditionals="0" methods="3" coveredmethods="2"/>
      <line num="3" count="4" type="stmt"/>
      <line num="13" count="0" type="stmt"/>
      <line num="25" count="4" type="stmt"/>
    </file>
    <file name="service.js" path="/Users/clertonra/workspace/playground/Exercism/javascript/translation-service/service.js">
      <metrics statements="23" coveredstatements="17" conditionals="6" coveredconditionals="4" methods="11" coveredmethods="7"/>
      <line num="18" count="7" type="stmt"/>
      <line num="19" count="7" type="stmt"/>
      <line num="32" count="0" type="stmt"/>
      <line num="33" count="0" type="stmt"/>
      <line num="47" count="0" type="cond" truecount="0" falsecount="2"/>
      <line num="48" count="0" type="stmt"/>
      <line num="49" count="0" type="stmt"/>
      <line num="62" count="5" type="stmt"/>
      <line num="63" count="9" type="stmt"/>
      <line num="64" count="9" type="stmt"/>
      <line num="65" count="9" type="cond" truecount="2" falsecount="0"/>
      <line num="68" count="5" type="stmt"/>
      <line num="82" count="7" type="stmt"/>
      <line num="83" count="7" type="stmt"/>
      <line num="84" count="7" type="stmt"/>
      <line num="86" count="5" type="stmt"/>
      <line num="87" count="3" type="stmt"/>
      <line num="93" count="5" type="cond" truecount="2" falsecount="0"/>
      <line num="94" count="2" type="stmt"/>
      <line num="96" count="3" type="stmt"/>
      <line num="109" count="2" type="stmt"/>
      <line num="115" count="2" type="stmt"/>
      <line num="125" count="0" type="stmt"/>
    </file>
  </project>
</coverage>
