{"/Users/clertonra/workspace/playground/Exercism/javascript/translation-service/api.js": {"path":"/Users/clertonra/workspace/playground/Exercism/javascript/translation-service/api.js","statementMap":{"0":{"start":{"line":3,"column":14},"end":{"line":3,"column":32}},"1":{"start":{"line":16,"column":4},"end":{"line":16,"column":53}},"2":{"start":{"line":29,"column":4},"end":{"line":31,"column":5}},"3":{"start":{"line":30,"column":6},"end":{"line":30,"column":30}},"4":{"start":{"line":33,"column":4},"end":{"line":33,"column":75}},"5":{"start":{"line":34,"column":4},"end":{"line":34,"column":16}},"6":{"start":{"line":42,"column":4},"end":{"line":46,"column":5}},"7":{"start":{"line":43,"column":6},"end":{"line":45,"column":8}},"8":{"start":{"line":49,"column":4},"end":{"line":51,"column":5}},"9":{"start":{"line":50,"column":6},"end":{"line":50,"column":61}},"10":{"start":{"line":53,"column":4},"end":{"line":55,"column":5}},"11":{"start":{"line":54,"column":6},"end":{"line":54,"column":58}},"12":{"start":{"line":57,"column":4},"end":{"line":59,"column":5}},"13":{"start":{"line":58,"column":6},"end":{"line":58,"column":59}},"14":{"start":{"line":61,"column":4},"end":{"line":61,"column":55}},"15":{"start":{"line":69,"column":4},"end":{"line":73,"column":5}},"16":{"start":{"line":70,"column":6},"end":{"line":72,"column":8}},"17":{"start":{"line":75,"column":4},"end":{"line":79,"column":5}},"18":{"start":{"line":76,"column":6},"end":{"line":78,"column":8}},"19":{"start":{"line":81,"column":4},"end":{"line":85,"column":5}},"20":{"start":{"line":82,"column":6},"end":{"line":82,"column":27}},"21":{"start":{"line":83,"column":6},"end":{"line":83,"column":41}},"22":{"start":{"line":84,"column":6},"end":{"line":84,"column":13}},"23":{"start":{"line":87,"column":4},"end":{"line":96,"column":5}},"24":{"start":{"line":88,"column":6},"end":{"line":88,"column":32}},"25":{"start":{"line":91,"column":6},"end":{"line":94,"column":8}},"26":{"start":{"line":92,"column":14},"end":{"line":92,"column":76}},"27":{"start":{"line":95,"column":6},"end":{"line":95,"column":13}},"28":{"start":{"line":98,"column":4},"end":{"line":98,"column":35}},"29":{"start":{"line":103,"column":18},"end":{"line":103,"column":37}},"30":{"start":{"line":104,"column":2},"end":{"line":106,"column":5}},"31":{"start":{"line":105,"column":4},"end":{"line":105,"column":46}},"32":{"start":{"line":105,"column":21},"end":{"line":105,"column":35}},"33":{"start":{"line":110,"column":18},"end":{"line":110,"column":37}},"34":{"start":{"line":111,"column":2},"end":{"line":113,"column":5}},"35":{"start":{"line":112,"column":4},"end":{"line":112,"column":45}},"36":{"start":{"line":112,"column":21},"end":{"line":112,"column":34}},"37":{"start":{"line":117,"column":2},"end":{"line":117,"column":69}},"38":{"start":{"line":122,"column":4},"end":{"line":122,"column":19}}},"fnMap":{"0":{"name":"(anonymous_0)","decl":{"start":{"line":14,"column":2},"end":{"line":14,"column":3}},"loc":{"start":{"line":14,"column":27},"end":{"line":17,"column":3}},"line":14},"1":{"name":"(anonymous_1)","decl":{"start":{"line":28,"column":2},"end":{"line":28,"column":3}},"loc":{"start":{"line":28,"column":52},"end":{"line":35,"column":3}},"line":28},"2":{"name":"(anonymous_2)","decl":{"start":{"line":41,"column":2},"end":{"line":41,"column":3}},"loc":{"start":{"line":41,"column":14},"end":{"line":62,"column":3}},"line":41},"3":{"name":"(anonymous_3)","decl":{"start":{"line":68,"column":2},"end":{"line":68,"column":3}},"loc":{"start":{"line":68,"column":26},"end":{"line":99,"column":3}},"line":68},"4":{"name":"(anonymous_4)","decl":{"start":{"line":92,"column":8},"end":{"line":92,"column":9}},"loc":{"start":{"line":92,"column":14},"end":{"line":92,"column":76}},"line":92},"5":{"name":"resolveWithRandomDelay","decl":{"start":{"line":102,"column":9},"end":{"line":102,"column":31}},"loc":{"start":{"line":102,"column":39},"end":{"line":107,"column":1}},"line":102},"6":{"name":"(anonymous_6)","decl":{"start":{"line":104,"column":21},"end":{"line":104,"column":22}},"loc":{"start":{"line":104,"column":34},"end":{"line":106,"column":3}},"line":104},"7":{"name":"(anonymous_7)","decl":{"start":{"line":105,"column":15},"end":{"line":105,"column":16}},"loc":{"start":{"line":105,"column":21},"end":{"line":105,"column":35}},"line":105},"8":{"name":"rejectWithRandomDelay","decl":{"start":{"line":109,"column":9},"end":{"line":109,"column":30}},"loc":{"start":{"line":109,"column":38},"end":{"line":114,"column":1}},"line":109},"9":{"name":"(anonymous_9)","decl":{"start":{"line":111,"column":21},"end":{"line":111,"column":22}},"loc":{"start":{"line":111,"column":36},"end":{"line":113,"column":3}},"line":111},"10":{"name":"(anonymous_10)","decl":{"start":{"line":112,"column":15},"end":{"line":112,"column":16}},"loc":{"start":{"line":112,"column":21},"end":{"line":112,"column":34}},"line":112},"11":{"name":"makeRandomError","decl":{"start":{"line":116,"column":9},"end":{"line":116,"column":24}},"loc":{"start":{"line":116,"column":27},"end":{"line":118,"column":1}},"line":116},"12":{"name":"(anonymous_12)","decl":{"start":{"line":121,"column":2},"end":{"line":121,"column":3}},"loc":{"start":{"line":121,"column":23},"end":{"line":123,"column":3}},"line":121}},"branchMap":{"0":{"loc":{"start":{"line":14,"column":14},"end":{"line":14,"column":25}},"type":"default-arg","locations":[{"start":{"line":14,"column":23},"end":{"line":14,"column":25}}],"line":14},"1":{"loc":{"start":{"line":28,"column":31},"end":{"line":28,"column":50}},"type":"default-arg","locations":[{"start":{"line":28,"column":41},"end":{"line":28,"column":50}}],"line":28},"2":{"loc":{"start":{"line":29,"column":4},"end":{"line":31,"column":5}},"type":"if","locations":[{"start":{"line":29,"column":4},"end":{"line":31,"column":5}},{"start":{},"end":{}}],"line":29},"3":{"loc":{"start":{"line":33,"column":28},"end":{"line":33,"column":73}},"type":"cond-expr","locations":[{"start":{"line":33,"column":42},"end":{"line":33,"column":66}},{"start":{"line":33,"column":69},"end":{"line":33,"column":73}}],"line":33},"4":{"loc":{"start":{"line":42,"column":4},"end":{"line":46,"column":5}},"type":"if","locations":[{"start":{"line":42,"column":4},"end":{"line":46,"column":5}},{"start":{},"end":{}}],"line":42},"5":{"loc":{"start":{"line":49,"column":4},"end":{"line":51,"column":5}},"type":"if","locations":[{"start":{"line":49,"column":4},"end":{"line":51,"column":5}},{"start":{},"end":{}}],"line":49},"6":{"loc":{"start":{"line":53,"column":4},"end":{"line":55,"column":5}},"type":"if","locations":[{"start":{"line":53,"column":4},"end":{"line":55,"column":5}},{"start":{},"end":{}}],"line":53},"7":{"loc":{"start":{"line":53,"column":8},"end":{"line":53,"column":49}},"type":"binary-expr","locations":[{"start":{"line":53,"column":8},"end":{"line":53,"column":25}},{"start":{"line":53,"column":29},"end":{"line":53,"column":49}}],"line":53},"8":{"loc":{"start":{"line":57,"column":4},"end":{"line":59,"column":5}},"type":"if","locations":[{"start":{"line":57,"column":4},"end":{"line":59,"column":5}},{"start":{},"end":{}}],"line":57},"9":{"loc":{"start":{"line":69,"column":4},"end":{"line":73,"column":5}},"type":"if","locations":[{"start":{"line":69,"column":4},"end":{"line":73,"column":5}},{"start":{},"end":{}}],"line":69},"10":{"loc":{"start":{"line":75,"column":4},"end":{"line":79,"column":5}},"type":"if","locations":[{"start":{"line":75,"column":4},"end":{"line":79,"column":5}},{"start":{},"end":{}}],"line":75},"11":{"loc":{"start":{"line":81,"column":4},"end":{"line":85,"column":5}},"type":"if","locations":[{"start":{"line":81,"column":4},"end":{"line":85,"column":5}},{"start":{},"end":{}}],"line":81},"12":{"loc":{"start":{"line":81,"column":8},"end":{"line":81,"column":49}},"type":"binary-expr","locations":[{"start":{"line":81,"column":8},"end":{"line":81,"column":25}},{"start":{"line":81,"column":29},"end":{"line":81,"column":49}}],"line":81},"13":{"loc":{"start":{"line":87,"column":4},"end":{"line":96,"column":5}},"type":"if","locations":[{"start":{"line":87,"column":4},"end":{"line":96,"column":5}},{"start":{},"end":{}}],"line":87},"14":{"loc":{"start":{"line":92,"column":23},"end":{"line":92,"column":75}},"type":"cond-expr","locations":[{"start":{"line":92,"column":46},"end":{"line":92,"column":55}},{"start":{"line":92,"column":58},"end":{"line":92,"column":75}}],"line":92}},"s":{"0":1,"1":7,"2":70,"3":28,"4":70,"5":70,"6":10,"7":0,"8":10,"9":0,"10":10,"11":5,"12":5,"13":4,"14":1,"15":9,"16":0,"17":9,"18":0,"19":9,"20":0,"21":0,"22":0,"23":9,"24":6,"25":6,"26":6,"27":6,"28":3,"29":5,"30":5,"31":5,"32":5,"33":5,"34":5,"35":5,"36":5,"37":3,"38":0},"f":{"0":7,"1":70,"2":10,"3":9,"4":6,"5":5,"6":5,"7":5,"8":5,"9":5,"10":5,"11":3,"12":0},"b":{"0":[7],"1":[42],"2":[28,42],"3":[28,42],"4":[0,10],"5":[0,10],"6":[5,5],"7":[10,9],"8":[4,1],"9":[0,9],"10":[0,9],"11":[0,9],"12":[9,6],"13":[6,3],"14":[3,3]},"_coverageSchema":"1a1c01bbd47fc00a2c39e90264f33305004495a9","hash":"6c7e3625847ae74a0b925dc5d5aff5907530eeac"}
,"/Users/clertonra/workspace/playground/Exercism/javascript/translation-service/errors.js": {"path":"/Users/clertonra/workspace/playground/Exercism/javascript/translation-service/errors.js","statementMap":{"0":{"start":{"line":3,"column":4},"end":{"line":7,"column":6}},"1":{"start":{"line":13,"column":4},"end":{"line":19,"column":6}},"2":{"start":{"line":25,"column":4},"end":{"line":25,"column":22}}},"fnMap":{"0":{"name":"(anonymous_0)","decl":{"start":{"line":2,"column":2},"end":{"line":2,"column":3}},"loc":{"start":{"line":2,"column":20},"end":{"line":8,"column":3}},"line":2},"1":{"name":"(anonymous_1)","decl":{"start":{"line":12,"column":2},"end":{"line":12,"column":3}},"loc":{"start":{"line":12,"column":16},"end":{"line":20,"column":3}},"line":12},"2":{"name":"(anonymous_2)","decl":{"start":{"line":24,"column":2},"end":{"line":24,"column":3}},"loc":{"start":{"line":24,"column":16},"end":{"line":26,"column":3}},"line":24}},"branchMap":{},"s":{"0":4,"1":0,"2":4},"f":{"0":4,"1":0,"2":4},"b":{},"_coverageSchema":"1a1c01bbd47fc00a2c39e90264f33305004495a9","hash":"9abe59e997ba6a623c75fb44e087635c3e60ad0c"}
,"/Users/clertonra/workspace/playground/Exercism/javascript/translation-service/service.js": {"path":"/Users/clertonra/workspace/playground/Exercism/javascript/translation-service/service.js","statementMap":{"0":{"start":{"line":18,"column":4},"end":{"line":18,"column":19}},"1":{"start":{"line":19,"column":4},"end":{"line":19,"column":21}},"2":{"start":{"line":32,"column":28},"end":{"line":32,"column":54}},"3":{"start":{"line":33,"column":4},"end":{"line":33,"column":23}},"4":{"start":{"line":47,"column":4},"end":{"line":47,"column":53}},"5":{"start":{"line":47,"column":28},"end":{"line":47,"column":53}},"6":{"start":{"line":48,"column":20},"end":{"line":48,"column":75}},"7":{"start":{"line":48,"column":58},"end":{"line":48,"column":73}},"8":{"start":{"line":49,"column":4},"end":{"line":49,"column":19}},"9":{"start":{"line":62,"column":27},"end":{"line":67,"column":8}},"10":{"start":{"line":63,"column":6},"end":{"line":67,"column":8}},"11":{"start":{"line":64,"column":8},"end":{"line":66,"column":11}},"12":{"start":{"line":65,"column":10},"end":{"line":65,"column":59}},"13":{"start":{"line":68,"column":4},"end":{"line":68,"column":72}},"14":{"start":{"line":82,"column":17},"end":{"line":82,"column":21}},"15":{"start":{"line":83,"column":4},"end":{"line":88,"column":5}},"16":{"start":{"line":84,"column":6},"end":{"line":84,"column":42}},"17":{"start":{"line":86,"column":6},"end":{"line":86,"column":31}},"18":{"start":{"line":87,"column":6},"end":{"line":87,"column":42}},"19":{"start":{"line":93,"column":4},"end":{"line":95,"column":5}},"20":{"start":{"line":94,"column":6},"end":{"line":94,"column":45}},"21":{"start":{"line":96,"column":4},"end":{"line":96,"column":30}},"22":{"start":{"line":109,"column":4},"end":{"line":113,"column":6}},"23":{"start":{"line":115,"column":4},"end":{"line":115,"column":21}},"24":{"start":{"line":125,"column":4},"end":{"line":129,"column":6}}},"fnMap":{"0":{"name":"(anonymous_0)","decl":{"start":{"line":17,"column":2},"end":{"line":17,"column":3}},"loc":{"start":{"line":17,"column":19},"end":{"line":20,"column":3}},"line":17},"1":{"name":"(anonymous_1)","decl":{"start":{"line":31,"column":2},"end":{"line":31,"column":3}},"loc":{"start":{"line":31,"column":19},"end":{"line":34,"column":3}},"line":31},"2":{"name":"(anonymous_2)","decl":{"start":{"line":46,"column":2},"end":{"line":46,"column":3}},"loc":{"start":{"line":46,"column":21},"end":{"line":50,"column":3}},"line":46},"3":{"name":"(anonymous_3)","decl":{"start":{"line":48,"column":48},"end":{"line":48,"column":49}},"loc":{"start":{"line":48,"column":58},"end":{"line":48,"column":73}},"line":48},"4":{"name":"(anonymous_4)","decl":{"start":{"line":61,"column":2},"end":{"line":61,"column":3}},"loc":{"start":{"line":61,"column":22},"end":{"line":69,"column":3}},"line":61},"5":{"name":"(anonymous_5)","decl":{"start":{"line":62,"column":27},"end":{"line":62,"column":28}},"loc":{"start":{"line":63,"column":6},"end":{"line":67,"column":8}},"line":63},"6":{"name":"(anonymous_6)","decl":{"start":{"line":63,"column":18},"end":{"line":63,"column":19}},"loc":{"start":{"line":63,"column":39},"end":{"line":67,"column":7}},"line":63},"7":{"name":"(anonymous_7)","decl":{"start":{"line":64,"column":31},"end":{"line":64,"column":32}},"loc":{"start":{"line":64,"column":45},"end":{"line":66,"column":9}},"line":64},"8":{"name":"(anonymous_8)","decl":{"start":{"line":81,"column":2},"end":{"line":81,"column":3}},"loc":{"start":{"line":81,"column":38},"end":{"line":97,"column":3}},"line":81},"9":{"name":"(anonymous_9)","decl":{"start":{"line":108,"column":2},"end":{"line":108,"column":3}},"loc":{"start":{"line":108,"column":20},"end":{"line":116,"column":3}},"line":108},"10":{"name":"(anonymous_10)","decl":{"start":{"line":124,"column":2},"end":{"line":124,"column":3}},"loc":{"start":{"line":124,"column":16},"end":{"line":130,"column":3}},"line":124}},"branchMap":{"0":{"loc":{"start":{"line":47,"column":4},"end":{"line":47,"column":53}},"type":"if","locations":[{"start":{"line":47,"column":4},"end":{"line":47,"column":53}},{"start":{},"end":{}}],"line":47},"1":{"loc":{"start":{"line":65,"column":10},"end":{"line":65,"column":58}},"type":"cond-expr","locations":[{"start":{"line":65,"column":21},"end":{"line":65,"column":37}},{"start":{"line":65,"column":40},"end":{"line":65,"column":58}}],"line":65},"2":{"loc":{"start":{"line":93,"column":4},"end":{"line":95,"column":5}},"type":"if","locations":[{"start":{"line":93,"column":4},"end":{"line":95,"column":5}},{"start":{},"end":{}}],"line":93}},"s":{"0":7,"1":7,"2":0,"3":0,"4":0,"5":0,"6":0,"7":0,"8":0,"9":5,"10":9,"11":9,"12":9,"13":5,"14":7,"15":7,"16":7,"17":5,"18":3,"19":5,"20":2,"21":3,"22":2,"23":2,"24":0},"f":{"0":7,"1":0,"2":0,"3":0,"4":5,"5":9,"6":9,"7":9,"8":7,"9":2,"10":0},"b":{"0":[0,0],"1":[6,3],"2":[2,3]},"_coverageSchema":"1a1c01bbd47fc00a2c39e90264f33305004495a9","hash":"faadb4e32857529c0d8e7fc2917dfb8037576c1a"}
}
