TN:
SF:api.js
FN:14,(anonymous_0)
FN:28,(anonymous_1)
FN:41,(anonymous_2)
FN:68,(anonymous_3)
FN:92,(anonymous_4)
FN:102,resolveWithRandomDelay
FN:104,(anonymous_6)
FN:105,(anonymous_7)
FN:109,rejectWithRandomDelay
FN:111,(anonymous_9)
FN:112,(anonymous_10)
FN:116,makeRandomError
FN:121,(anonymous_12)
FNF:13
FNH:12
FNDA:7,(anonymous_0)
FNDA:70,(anonymous_1)
FNDA:10,(anonymous_2)
FNDA:9,(anonymous_3)
FNDA:6,(anonymous_4)
FNDA:5,resolveWithRandomDelay
FNDA:5,(anonymous_6)
FNDA:5,(anonymous_7)
FNDA:5,rejectWithRandomDelay
FNDA:5,(anonymous_9)
FNDA:5,(anonymous_10)
FNDA:3,makeRandomError
FNDA:0,(anonymous_12)
DA:3,1
DA:16,7
DA:29,70
DA:30,28
DA:33,70
DA:34,70
DA:42,10
DA:43,0
DA:49,10
DA:50,0
DA:53,10
DA:54,5
DA:57,5
DA:58,4
DA:61,1
DA:69,9
DA:70,0
DA:75,9
DA:76,0
DA:81,9
DA:82,0
DA:83,0
DA:84,0
DA:87,9
DA:88,6
DA:91,6
DA:92,6
DA:95,6
DA:98,3
DA:103,5
DA:104,5
DA:105,5
DA:110,5
DA:111,5
DA:112,5
DA:117,3
DA:122,0
LF:37
LH:29
BRDA:14,0,0,7
BRDA:28,1,0,42
BRDA:29,2,0,28
BRDA:29,2,1,42
BRDA:33,3,0,28
BRDA:33,3,1,42
BRDA:42,4,0,0
BRDA:42,4,1,10
BRDA:49,5,0,0
BRDA:49,5,1,10
BRDA:53,6,0,5
BRDA:53,6,1,5
BRDA:53,7,0,10
BRDA:53,7,1,9
BRDA:57,8,0,4
BRDA:57,8,1,1
BRDA:69,9,0,0
BRDA:69,9,1,9
BRDA:75,10,0,0
BRDA:75,10,1,9
BRDA:81,11,0,0
BRDA:81,11,1,9
BRDA:81,12,0,9
BRDA:81,12,1,6
BRDA:87,13,0,6
BRDA:87,13,1,3
BRDA:92,14,0,3
BRDA:92,14,1,3
BRF:28
BRH:23
end_of_record
TN:
SF:errors.js
FN:2,(anonymous_0)
FN:12,(anonymous_1)
FN:24,(anonymous_2)
FNF:3
FNH:2
FNDA:4,(anonymous_0)
FNDA:0,(anonymous_1)
FNDA:4,(anonymous_2)
DA:3,4
DA:13,0
DA:25,4
LF:3
LH:2
BRF:0
BRH:0
end_of_record
TN:
SF:service.js
FN:17,(anonymous_0)
FN:31,(anonymous_1)
FN:46,(anonymous_2)
FN:48,(anonymous_3)
FN:61,(anonymous_4)
FN:62,(anonymous_5)
FN:63,(anonymous_6)
FN:64,(anonymous_7)
FN:81,(anonymous_8)
FN:108,(anonymous_9)
FN:124,(anonymous_10)
FNF:11
FNH:7
FNDA:7,(anonymous_0)
FNDA:0,(anonymous_1)
FNDA:0,(anonymous_2)
FNDA:0,(anonymous_3)
FNDA:5,(anonymous_4)
FNDA:9,(anonymous_5)
FNDA:9,(anonymous_6)
FNDA:9,(anonymous_7)
FNDA:7,(anonymous_8)
FNDA:2,(anonymous_9)
FNDA:0,(anonymous_10)
DA:18,7
DA:19,7
DA:32,0
DA:33,0
DA:47,0
DA:48,0
DA:49,0
DA:62,5
DA:63,9
DA:64,9
DA:65,9
DA:68,5
DA:82,7
DA:83,7
DA:84,7
DA:86,5
DA:87,3
DA:93,5
DA:94,2
DA:96,3
DA:109,2
DA:115,2
DA:125,0
LF:23
LH:17
BRDA:47,0,0,0
BRDA:47,0,1,0
BRDA:65,1,0,6
BRDA:65,1,1,3
BRDA:93,2,0,2
BRDA:93,2,1,3
BRF:6
BRH:4
end_of_record
