{"/Users/clertonra/workspace/playground/Exercism/javascript/factory-sensors/factory-sensors.js": {"path":"/Users/clertonra/workspace/playground/Exercism/javascript/factory-sensors/factory-sensors.js","statementMap":{"0":{"start":{"line":7,"column":4},"end":{"line":7,"column":63}},"1":{"start":{"line":8,"column":4},"end":{"line":8,"column":35}},"2":{"start":{"line":19,"column":2},"end":{"line":19,"column":74}},"3":{"start":{"line":19,"column":31},"end":{"line":19,"column":74}},"4":{"start":{"line":29,"column":2},"end":{"line":29,"column":54}},"5":{"start":{"line":29,"column":28},"end":{"line":29,"column":54}},"6":{"start":{"line":30,"column":2},"end":{"line":30,"column":65}},"7":{"start":{"line":30,"column":25},"end":{"line":30,"column":65}},"8":{"start":{"line":45,"column":2},"end":{"line":59,"column":3}},"9":{"start":{"line":46,"column":4},"end":{"line":46,"column":20}},"10":{"start":{"line":48,"column":4},"end":{"line":58,"column":5}},"11":{"start":{"line":49,"column":6},"end":{"line":49,"column":32}},"12":{"start":{"line":50,"column":11},"end":{"line":58,"column":5}},"13":{"start":{"line":51,"column":6},"end":{"line":55,"column":7}},"14":{"start":{"line":52,"column":8},"end":{"line":52,"column":35}},"15":{"start":{"line":54,"column":8},"end":{"line":54,"column":27}},"16":{"start":{"line":57,"column":6},"end":{"line":57,"column":18}}},"fnMap":{"0":{"name":"(anonymous_0)","decl":{"start":{"line":6,"column":2},"end":{"line":6,"column":3}},"loc":{"start":{"line":6,"column":27},"end":{"line":9,"column":3}},"line":6},"1":{"name":"checkHumidityLevel","decl":{"start":{"line":18,"column":16},"end":{"line":18,"column":34}},"loc":{"start":{"line":18,"column":55},"end":{"line":20,"column":1}},"line":18},"2":{"name":"reportOverheating","decl":{"start":{"line":28,"column":16},"end":{"line":28,"column":33}},"loc":{"start":{"line":28,"column":47},"end":{"line":31,"column":1}},"line":28},"3":{"name":"monitorTheMachine","decl":{"start":{"line":44,"column":16},"end":{"line":44,"column":33}},"loc":{"start":{"line":44,"column":43},"end":{"line":60,"column":1}},"line":44}},"branchMap":{"0":{"loc":{"start":{"line":19,"column":2},"end":{"line":19,"column":74}},"type":"if","locations":[{"start":{"line":19,"column":2},"end":{"line":19,"column":74}},{"start":{},"end":{}}],"line":19},"1":{"loc":{"start":{"line":29,"column":2},"end":{"line":29,"column":54}},"type":"if","locations":[{"start":{"line":29,"column":2},"end":{"line":29,"column":54}},{"start":{},"end":{}}],"line":29},"2":{"loc":{"start":{"line":30,"column":2},"end":{"line":30,"column":65}},"type":"if","locations":[{"start":{"line":30,"column":2},"end":{"line":30,"column":65}},{"start":{},"end":{}}],"line":30},"3":{"loc":{"start":{"line":48,"column":4},"end":{"line":58,"column":5}},"type":"if","locations":[{"start":{"line":48,"column":4},"end":{"line":58,"column":5}},{"start":{"line":50,"column":11},"end":{"line":58,"column":5}}],"line":48},"4":{"loc":{"start":{"line":50,"column":11},"end":{"line":58,"column":5}},"type":"if","locations":[{"start":{"line":50,"column":11},"end":{"line":58,"column":5}},{"start":{"line":56,"column":11},"end":{"line":58,"column":5}}],"line":50},"5":{"loc":{"start":{"line":51,"column":6},"end":{"line":55,"column":7}},"type":"if","locations":[{"start":{"line":51,"column":6},"end":{"line":55,"column":7}},{"start":{"line":53,"column":13},"end":{"line":55,"column":7}}],"line":51}},"s":{"0":4,"1":4,"2":2,"3":1,"4":4,"5":1,"6":3,"7":2,"8":6,"9":6,"10":4,"11":1,"12":3,"13":2,"14":1,"15":1,"16":1},"f":{"0":4,"1":2,"2":4,"3":6},"b":{"0":[1,1],"1":[1,3],"2":[2,1],"3":[1,3],"4":[2,1],"5":[1,1]},"_coverageSchema":"1a1c01bbd47fc00a2c39e90264f33305004495a9","hash":"fbd384add5a35fdb9d0416b0abc8977c7455046a"}
}
