TN:
SF:factory-sensors.js
FN:6,(anonymous_0)
FN:18,checkHumidityLevel
FN:28,reportOverheating
FN:44,monitorTheMachine
FNF:4
FNH:4
FNDA:4,(anonymous_0)
FNDA:2,checkHumidityLevel
FNDA:4,reportOverheating
FNDA:6,monitorTheMachine
DA:7,4
DA:8,4
DA:19,2
DA:29,4
DA:30,3
DA:45,6
DA:46,6
DA:48,4
DA:49,1
DA:50,3
DA:51,2
DA:52,1
DA:54,1
DA:57,1
LF:14
LH:14
BRDA:19,0,0,1
BRDA:19,0,1,1
BRDA:29,1,0,1
BRDA:29,1,1,3
BRDA:30,2,0,2
BRDA:30,2,1,1
BRDA:48,3,0,1
BRDA:48,3,1,3
BRDA:50,4,0,2
BRDA:50,4,1,1
BRDA:51,5,0,1
BRDA:51,5,1,1
BRF:12
BRH:12
end_of_record
